[2019-09-12T16:13:36.878] [INFO] development - GET / RESPONSE: 200
[2019-09-12T19:15:07.043] [INFO] development - OPTIONS /api/v1/users/me RESPONSE: 204
[2019-09-12T19:15:07.099] [INFO] development - { message: 'TOKEN_EXPIRED',
  headers: { 'Access-Control-Allow-Origin': '*' },
  name: 'UnauthorizedError',
  stack:
   'UnauthorizedError: TOKEN_EXPIRED\n    at Object.throw (/usr/server/node_modules/koa/lib/context.js:97:11)\n    at _callee$ (/usr/server/src/middleware/jwt.js:27:9)\n    at tryCatch (/usr/server/node_modules/regenerator-runtime/runtime.js:65:40)\n    at Generator.invoke [as _invoke] (/usr/server/node_modules/regenerator-runtime/runtime.js:303:22)\n    at Generator.prototype.(anonymous function) [as next] (/usr/server/node_modules/regenerator-runtime/runtime.js:117:21)\n    at step (/usr/server/src/middleware/jwt.js:9:191)\n    at /usr/server/src/middleware/jwt.js:9:437\n    at new Promise (<anonymous>)\n    at /usr/server/src/middleware/jwt.js:9:99\n    at jwt (/usr/server/src/middleware/jwt.js:6:9)\n    at dispatch (/usr/server/node_modules/koa-router/node_modules/koa-compose/index.js:44:32)\n    at next (/usr/server/node_modules/koa-router/node_modules/koa-compose/index.js:45:18)\n    at /usr/server/node_modules/koa-router/lib/router.js:346:16\n    at dispatch (/usr/server/node_modules/koa-router/node_modules/koa-compose/index.js:44:32)\n    at /usr/server/node_modules/koa-router/node_modules/koa-compose/index.js:36:12\n    at dispatch (/usr/server/node_modules/koa-router/lib/router.js:351:31)\n    at dispatch (/usr/server/node_modules/koa-compose/index.js:42:32)\n    at allowedMethods (/usr/server/node_modules/koa-router/lib/router.js:407:12)\n    at dispatch (/usr/server/node_modules/koa-compose/index.js:42:32)\n    at dispatch (/usr/server/node_modules/koa-router/lib/router.js:332:32)\n    at dispatch (/usr/server/node_modules/koa-compose/index.js:42:32)\n    at allowedMethods (/usr/server/node_modules/koa-router/lib/router.js:407:12)',
  status: 401 }
[2019-09-12T19:15:07.102] [INFO] development - GET /api/v1/users/me RESPONSE: 401
[2019-09-12T19:15:07.110] [INFO] development - OPTIONS /api/v1/users/me/refreshAccessToken RESPONSE: 204
[2019-09-12T19:15:07.225] [INFO] development - { message: 'INVALID_REFRESH_TOKEN',
  headers: { 'Access-Control-Allow-Origin': '*' },
  name: 'BadRequestError',
  stack:
   'BadRequestError: INVALID_REFRESH_TOKEN\n    at Object.throw (/usr/server/node_modules/koa/lib/context.js:97:11)\n    at UserController._callee4$ (/usr/server/src/controllers/UserController.js:200:7)\n    at tryCatch (/usr/server/node_modules/regenerator-runtime/runtime.js:65:40)\n    at Generator.invoke [as _invoke] (/usr/server/node_modules/regenerator-runtime/runtime.js:303:22)\n    at Generator.prototype.(anonymous function) [as next] (/usr/server/node_modules/regenerator-runtime/runtime.js:117:21)\n    at step (/usr/server/src/controllers/UserController.js:46:191)\n    at /usr/server/src/controllers/UserController.js:46:361',
  status: 400 }
[2019-09-12T19:15:07.226] [INFO] development - POST /api/v1/users/me/refreshAccessToken RESPONSE: 400
[2019-09-12T19:15:10.725] [INFO] development - OPTIONS /api/v1/users/signin RESPONSE: 204
[2019-09-12T19:15:11.102] [INFO] development - POST /api/v1/users/signin RESPONSE: 200
[2019-09-12T19:15:11.108] [INFO] development - GET /api/v1/users/me RESPONSE: 200
